{"/Users/tomaszek/Documents/GitHub/progresspoint/progresspoint_back/src/app.ts": {"path":"/Users/tomaszek/Documents/GitHub/progresspoint/progresspoint_back/src/app.ts","statementMap":{"0":{"start":{"line":1,"column":0},"end":{"line":1,"column":30}},"1":{"start":{"line":3,"column":0},"end":{"line":3,"column":48}},"2":{"start":{"line":4,"column":0},"end":{"line":4,"column":48}},"3":{"start":{"line":5,"column":0},"end":{"line":5,"column":42}},"4":{"start":{"line":6,"column":0},"end":{"line":6,"column":61}},"5":{"start":{"line":7,"column":0},"end":{"line":7,"column":57}},"6":{"start":{"line":8,"column":0},"end":{"line":8,"column":24}},"7":{"start":{"line":11,"column":12},"end":{"line":11,"column":21}},"8":{"start":{"line":34,"column":9},"end":{"line":34,"column":12}},"9":{"start":{"line":14,"column":0},"end":{"line":14,"column":24}},"10":{"start":{"line":17,"column":0},"end":{"line":17,"column":29}},"11":{"start":{"line":18,"column":0},"end":{"line":18,"column":29}},"12":{"start":{"line":19,"column":0},"end":{"line":19,"column":25}},"13":{"start":{"line":20,"column":0},"end":{"line":20,"column":38}},"14":{"start":{"line":21,"column":0},"end":{"line":21,"column":35}},"15":{"start":{"line":24,"column":0},"end":{"line":27,"column":4}},"16":{"start":{"line":30,"column":0},"end":{"line":32,"column":3}},"17":{"start":{"line":31,"column":4},"end":{"line":31,"column":34}}},"fnMap":{"0":{"name":"(anonymous_1)","decl":{"start":{"line":30,"column":13},"end":{"line":30,"column":14}},"loc":{"start":{"line":30,"column":26},"end":{"line":32,"column":1}}}},"branchMap":{},"s":{"0":0,"1":0,"2":0,"3":0,"4":0,"5":0,"6":0,"7":0,"8":0,"9":0,"10":0,"11":0,"12":0,"13":0,"14":0,"15":0,"16":0,"17":0},"f":{"0":0},"b":{}}
,"/Users/tomaszek/Documents/GitHub/progresspoint/progresspoint_back/src/index.ts": {"path":"/Users/tomaszek/Documents/GitHub/progresspoint/progresspoint_back/src/index.ts","statementMap":{"0":{"start":{"line":1,"column":0},"end":{"line":1,"column":28}},"1":{"start":{"line":2,"column":0},"end":{"line":2,"column":16}},"2":{"start":{"line":4,"column":0},"end":{"line":4,"column":28}},"3":{"start":{"line":6,"column":13},"end":{"line":6,"column":37}},"4":{"start":{"line":9,"column":24},"end":{"line":9,"column":54}},"5":{"start":{"line":10,"column":23},"end":{"line":10,"column":79}},"6":{"start":{"line":10,"column":57},"end":{"line":10,"column":78}},"7":{"start":{"line":12,"column":0},"end":{"line":15,"column":1}},"8":{"start":{"line":13,"column":2},"end":{"line":13,"column":86}},"9":{"start":{"line":14,"column":2},"end":{"line":14,"column":18}},"10":{"start":{"line":18,"column":18},"end":{"line":18,"column":81}},"11":{"start":{"line":19,"column":22},"end":{"line":19,"column":72}},"12":{"start":{"line":19,"column":50},"end":{"line":19,"column":71}},"13":{"start":{"line":21,"column":0},"end":{"line":26,"column":1}},"14":{"start":{"line":22,"column":2},"end":{"line":22,"column":89}},"15":{"start":{"line":23,"column":2},"end":{"line":23,"column":56}},"16":{"start":{"line":25,"column":2},"end":{"line":25,"column":63}},"17":{"start":{"line":28,"column":0},"end":{"line":28,"column":70}},"18":{"start":{"line":28,"column":23},"end":{"line":28,"column":68}}},"fnMap":{"0":{"name":"(anonymous_1)","decl":{"start":{"line":10,"column":46},"end":{"line":10,"column":53}},"loc":{"start":{"line":10,"column":57},"end":{"line":10,"column":78}}},"1":{"name":"(anonymous_2)","decl":{"start":{"line":19,"column":39},"end":{"line":19,"column":46}},"loc":{"start":{"line":19,"column":50},"end":{"line":19,"column":71}}},"2":{"name":"(anonymous_3)","decl":{"start":{"line":28,"column":17},"end":{"line":28,"column":20}},"loc":{"start":{"line":28,"column":23},"end":{"line":28,"column":68}}}},"branchMap":{"0":{"loc":{"start":{"line":6,"column":13},"end":{"line":6,"column":37}},"type":"binary-expr","locations":[{"start":{"line":6,"column":13},"end":{"line":6,"column":29}},{"start":{"line":6,"column":33},"end":{"line":6,"column":37}}]},"1":{"loc":{"start":{"line":12,"column":0},"end":{"line":15,"column":1}},"type":"if","locations":[{"start":{"line":12,"column":0},"end":{"line":15,"column":1}},{"start":{},"end":{}}]},"2":{"loc":{"start":{"line":21,"column":0},"end":{"line":26,"column":1}},"type":"if","locations":[{"start":{"line":21,"column":0},"end":{"line":26,"column":1}},{"start":{"line":24,"column":7},"end":{"line":26,"column":1}}]}},"s":{"0":0,"1":0,"2":0,"3":0,"4":0,"5":0,"6":0,"7":0,"8":0,"9":0,"10":0,"11":0,"12":0,"13":0,"14":0,"15":0,"16":0,"17":0,"18":0},"f":{"0":0,"1":0,"2":0},"b":{"0":[0,0],"1":[0,0],"2":[0,0]}}
,"/Users/tomaszek/Documents/GitHub/progresspoint/progresspoint_back/src/prisma.ts": {"path":"/Users/tomaszek/Documents/GitHub/progresspoint/progresspoint_back/src/prisma.ts","statementMap":{"0":{"start":{"line":1,"column":0},"end":{"line":1,"column":51}},"1":{"start":{"line":3,"column":15},"end":{"line":3,"column":33}},"2":{"start":{"line":5,"column":0},"end":{"line":5,"column":22}}},"fnMap":{},"branchMap":{},"s":{"0":0,"1":0,"2":0},"f":{},"b":{}}
,"/Users/tomaszek/Documents/GitHub/progresspoint/progresspoint_back/src/auth/auth.controller.ts": {"path":"/Users/tomaszek/Documents/GitHub/progresspoint/progresspoint_back/src/auth/auth.controller.ts","statementMap":{"0":{"start":{"line":2,"column":0},"end":{"line":2,"column":62}},"1":{"start":{"line":3,"column":0},"end":{"line":3,"column":45}},"2":{"start":{"line":4,"column":0},"end":{"line":4,"column":31}},"3":{"start":{"line":6,"column":24},"end":{"line":33,"column":1}},"4":{"start":{"line":7,"column":2},"end":{"line":32,"column":3}},"5":{"start":{"line":8,"column":42},"end":{"line":8,"column":50}},"6":{"start":{"line":10,"column":4},"end":{"line":12,"column":5}},"7":{"start":{"line":11,"column":6},"end":{"line":11,"column":72}},"8":{"start":{"line":14,"column":19},"end":{"line":14,"column":47}},"9":{"start":{"line":16,"column":17},"end":{"line":19,"column":6}},"10":{"start":{"line":21,"column":18},"end":{"line":21,"column":40}},"11":{"start":{"line":22,"column":4},"end":{"line":22,"column":42}},"12":{"start":{"line":25,"column":4},"end":{"line":28,"column":5}},"13":{"start":{"line":27,"column":6},"end":{"line":27,"column":69}},"14":{"start":{"line":30,"column":4},"end":{"line":30,"column":53}},"15":{"start":{"line":31,"column":4},"end":{"line":31,"column":61}},"16":{"start":{"line":6,"column":13},"end":{"line":6,"column":24}},"17":{"start":{"line":35,"column":21},"end":{"line":68,"column":1}},"18":{"start":{"line":36,"column":2},"end":{"line":67,"column":3}},"19":{"start":{"line":37,"column":32},"end":{"line":37,"column":40}},"20":{"start":{"line":39,"column":4},"end":{"line":41,"column":5}},"21":{"start":{"line":40,"column":6},"end":{"line":40,"column":74}},"22":{"start":{"line":43,"column":23},"end":{"line":45,"column":6}},"23":{"start":{"line":47,"column":4},"end":{"line":49,"column":5}},"24":{"start":{"line":48,"column":6},"end":{"line":48,"column":68}},"25":{"start":{"line":51,"column":18},"end":{"line":51,"column":74}},"26":{"start":{"line":52,"column":4},"end":{"line":54,"column":5}},"27":{"start":{"line":53,"column":6},"end":{"line":53,"column":68}},"28":{"start":{"line":56,"column":17},"end":{"line":60,"column":6}},"29":{"start":{"line":62,"column":18},"end":{"line":62,"column":40}},"30":{"start":{"line":63,"column":4},"end":{"line":63,"column":31}},"31":{"start":{"line":65,"column":4},"end":{"line":65,"column":39}},"32":{"start":{"line":66,"column":4},"end":{"line":66,"column":68}},"33":{"start":{"line":35,"column":13},"end":{"line":35,"column":21}}},"fnMap":{"0":{"name":"(anonymous_1)","decl":{"start":{"line":6,"column":24},"end":{"line":6,"column":29}},"loc":{"start":{"line":6,"column":62},"end":{"line":33,"column":1}}},"1":{"name":"(anonymous_2)","decl":{"start":{"line":35,"column":21},"end":{"line":35,"column":26}},"loc":{"start":{"line":35,"column":59},"end":{"line":68,"column":1}}}},"branchMap":{"0":{"loc":{"start":{"line":10,"column":4},"end":{"line":12,"column":5}},"type":"if","locations":[{"start":{"line":10,"column":4},"end":{"line":12,"column":5}},{"start":{},"end":{}}]},"1":{"loc":{"start":{"line":10,"column":8},"end":{"line":10,"column":40}},"type":"binary-expr","locations":[{"start":{"line":10,"column":8},"end":{"line":10,"column":14}},{"start":{"line":10,"column":18},"end":{"line":10,"column":27}},{"start":{"line":10,"column":31},"end":{"line":10,"column":40}}]},"2":{"loc":{"start":{"line":25,"column":4},"end":{"line":28,"column":5}},"type":"if","locations":[{"start":{"line":25,"column":4},"end":{"line":28,"column":5}},{"start":{},"end":{}}]},"3":{"loc":{"start":{"line":39,"column":4},"end":{"line":41,"column":5}},"type":"if","locations":[{"start":{"line":39,"column":4},"end":{"line":41,"column":5}},{"start":{},"end":{}}]},"4":{"loc":{"start":{"line":39,"column":8},"end":{"line":39,"column":27}},"type":"binary-expr","locations":[{"start":{"line":39,"column":8},"end":{"line":39,"column":14}},{"start":{"line":39,"column":18},"end":{"line":39,"column":27}}]},"5":{"loc":{"start":{"line":47,"column":4},"end":{"line":49,"column":5}},"type":"if","locations":[{"start":{"line":47,"column":4},"end":{"line":49,"column":5}},{"start":{},"end":{}}]},"6":{"loc":{"start":{"line":52,"column":4},"end":{"line":54,"column":5}},"type":"if","locations":[{"start":{"line":52,"column":4},"end":{"line":54,"column":5}},{"start":{},"end":{}}]}},"s":{"0":0,"1":0,"2":0,"3":0,"4":0,"5":0,"6":0,"7":0,"8":0,"9":0,"10":0,"11":0,"12":0,"13":0,"14":0,"15":0,"16":0,"17":0,"18":0,"19":0,"20":0,"21":0,"22":0,"23":0,"24":0,"25":0,"26":0,"27":0,"28":0,"29":0,"30":0,"31":0,"32":0,"33":0},"f":{"0":0,"1":0},"b":{"0":[0,0],"1":[0,0,0],"2":[0,0],"3":[0,0],"4":[0,0],"5":[0,0],"6":[0,0]}}
,"/Users/tomaszek/Documents/GitHub/progresspoint/progresspoint_back/src/auth/auth.routes.ts": {"path":"/Users/tomaszek/Documents/GitHub/progresspoint/progresspoint_back/src/auth/auth.routes.ts","statementMap":{"0":{"start":{"line":1,"column":0},"end":{"line":1,"column":30}},"1":{"start":{"line":2,"column":0},"end":{"line":2,"column":52}},"2":{"start":{"line":4,"column":13},"end":{"line":4,"column":43}},"3":{"start":{"line":6,"column":0},"end":{"line":6,"column":39}},"4":{"start":{"line":7,"column":0},"end":{"line":7,"column":33}}},"fnMap":{},"branchMap":{},"s":{"0":0,"1":0,"2":0,"3":0,"4":0},"f":{},"b":{}}
,"/Users/tomaszek/Documents/GitHub/progresspoint/progresspoint_back/src/exercises/exercise.controller.ts": {"path":"/Users/tomaszek/Documents/GitHub/progresspoint/progresspoint_back/src/exercises/exercise.controller.ts","statementMap":{"0":{"start":{"line":5,"column":0},"end":{"line":5,"column":7}},"1":{"start":{"line":2,"column":0},"end":{"line":2,"column":31}},"2":{"start":{"line":6,"column":2},"end":{"line":14,"column":3}},"3":{"start":{"line":7,"column":22},"end":{"line":10,"column":6}},"4":{"start":{"line":11,"column":4},"end":{"line":11,"column":43}},"5":{"start":{"line":13,"column":4},"end":{"line":13,"column":70}}},"fnMap":{"0":{"name":"getExercises","decl":{"start":{"line":5,"column":22},"end":{"line":5,"column":34}},"loc":{"start":{"line":5,"column":62},"end":{"line":15,"column":1}}}},"branchMap":{},"s":{"0":0,"1":0,"2":0,"3":0,"4":0,"5":0},"f":{"0":0},"b":{}}
,"/Users/tomaszek/Documents/GitHub/progresspoint/progresspoint_back/src/exercises/exercise.routes.ts": {"path":"/Users/tomaszek/Documents/GitHub/progresspoint/progresspoint_back/src/exercises/exercise.routes.ts","statementMap":{"0":{"start":{"line":1,"column":0},"end":{"line":1,"column":30}},"1":{"start":{"line":2,"column":0},"end":{"line":2,"column":53}},"2":{"start":{"line":4,"column":13},"end":{"line":4,"column":47}},"3":{"start":{"line":7,"column":0},"end":{"line":7,"column":38}}},"fnMap":{},"branchMap":{},"s":{"0":0,"1":0,"2":0,"3":0},"f":{},"b":{}}
,"/Users/tomaszek/Documents/GitHub/progresspoint/progresspoint_back/src/me/me.controller.ts": {"path":"/Users/tomaszek/Documents/GitHub/progresspoint/progresspoint_back/src/me/me.controller.ts","statementMap":{"0":{"start":{"line":2,"column":0},"end":{"line":2,"column":31}},"1":{"start":{"line":3,"column":0},"end":{"line":3,"column":74}},"2":{"start":{"line":5,"column":18},"end":{"line":143,"column":1}},"3":{"start":{"line":6,"column":4},"end":{"line":142,"column":5}},"4":{"start":{"line":7,"column":23},"end":{"line":7,"column":31}},"5":{"start":{"line":8,"column":8},"end":{"line":10,"column":9}},"6":{"start":{"line":9,"column":12},"end":{"line":9,"column":67}},"7":{"start":{"line":13,"column":21},"end":{"line":21,"column":10}},"8":{"start":{"line":24,"column":25},"end":{"line":43,"column":10}},"9":{"start":{"line":46,"column":30},"end":{"line":46,"column":45}},"10":{"start":{"line":49,"column":35},"end":{"line":49,"column":82}},"11":{"start":{"line":49,"column":54},"end":{"line":49,"column":80}},"12":{"start":{"line":50,"column":30},"end":{"line":50,"column":75}},"13":{"start":{"line":52,"column":21},"end":{"line":52,"column":61}},"14":{"start":{"line":53,"column":32},"end":{"line":53,"column":47}},"15":{"start":{"line":58,"column":30},"end":{"line":60,"column":null}},"16":{"start":{"line":59,"column":24},"end":{"line":59,"column":54}},"17":{"start":{"line":64,"column":28},"end":{"line":64,"column":45}},"18":{"start":{"line":65,"column":8},"end":{"line":67,"column":11}},"19":{"start":{"line":66,"column":12},"end":{"line":66,"column":77}},"20":{"start":{"line":66,"column":45},"end":{"line":66,"column":75}},"21":{"start":{"line":68,"column":35},"end":{"line":68,"column":51}},"22":{"start":{"line":71,"column":24},"end":{"line":71,"column":25}},"23":{"start":{"line":72,"column":24},"end":{"line":72,"column":25}},"24":{"start":{"line":73,"column":26},"end":{"line":73,"column":27}},"25":{"start":{"line":74,"column":29},"end":{"line":74,"column":30}},"26":{"start":{"line":77,"column":34},"end":{"line":77,"column":59}},"27":{"start":{"line":79,"column":8},"end":{"line":99,"column":11}},"28":{"start":{"line":80,"column":12},"end":{"line":98,"column":15}},"29":{"start":{"line":81,"column":16},"end":{"line":81,"column":44}},"30":{"start":{"line":84,"column":16},"end":{"line":87,"column":18}},"31":{"start":{"line":89,"column":16},"end":{"line":97,"column":19}},"32":{"start":{"line":90,"column":20},"end":{"line":90,"column":47}},"33":{"start":{"line":91,"column":20},"end":{"line":91,"column":60}},"34":{"start":{"line":94,"column":20},"end":{"line":96,"column":21}},"35":{"start":{"line":95,"column":24},"end":{"line":95,"column":50}},"36":{"start":{"line":102,"column":48},"end":{"line":102,"column":52}},"37":{"start":{"line":103,"column":27},"end":{"line":103,"column":28}},"38":{"start":{"line":105,"column":8},"end":{"line":110,"column":11}},"39":{"start":{"line":106,"column":12},"end":{"line":109,"column":13}},"40":{"start":{"line":107,"column":16},"end":{"line":107,"column":37}},"41":{"start":{"line":108,"column":16},"end":{"line":108,"column":48}},"42":{"start":{"line":113,"column":31},"end":{"line":113,"column":35}},"43":{"start":{"line":114,"column":8},"end":{"line":120,"column":9}},"44":{"start":{"line":115,"column":29},"end":{"line":118,"column":14}},"45":{"start":{"line":119,"column":12},"end":{"line":119,"column":40}},"46":{"start":{"line":122,"column":8},"end":{"line":137,"column":11}},"47":{"start":{"line":140,"column":8},"end":{"line":140,"column":59}},"48":{"start":{"line":141,"column":8},"end":{"line":141,"column":65}},"49":{"start":{"line":5,"column":13},"end":{"line":5,"column":18}}},"fnMap":{"0":{"name":"(anonymous_1)","decl":{"start":{"line":5,"column":18},"end":{"line":5,"column":23}},"loc":{"start":{"line":5,"column":56},"end":{"line":143,"column":1}}},"1":{"name":"(anonymous_2)","decl":{"start":{"line":49,"column":48},"end":{"line":49,"column":49}},"loc":{"start":{"line":49,"column":54},"end":{"line":49,"column":80}}},"2":{"name":"(anonymous_3)","decl":{"start":{"line":59,"column":12},"end":{"line":59,"column":13}},"loc":{"start":{"line":59,"column":24},"end":{"line":59,"column":54}}},"3":{"name":"(anonymous_4)","decl":{"start":{"line":65,"column":25},"end":{"line":65,"column":26}},"loc":{"start":{"line":65,"column":29},"end":{"line":67,"column":9}}},"4":{"name":"(anonymous_5)","decl":{"start":{"line":66,"column":39},"end":{"line":66,"column":41}},"loc":{"start":{"line":66,"column":45},"end":{"line":66,"column":75}}},"5":{"name":"(anonymous_6)","decl":{"start":{"line":79,"column":25},"end":{"line":79,"column":26}},"loc":{"start":{"line":79,"column":29},"end":{"line":99,"column":9}}},"6":{"name":"(anonymous_7)","decl":{"start":{"line":80,"column":39},"end":{"line":80,"column":41}},"loc":{"start":{"line":80,"column":44},"end":{"line":98,"column":13}}},"7":{"name":"(anonymous_8)","decl":{"start":{"line":89,"column":32},"end":{"line":89,"column":33}},"loc":{"start":{"line":89,"column":36},"end":{"line":97,"column":17}}},"8":{"name":"(anonymous_9)","decl":{"start":{"line":105,"column":34},"end":{"line":105,"column":35}},"loc":{"start":{"line":105,"column":56},"end":{"line":110,"column":9}}}},"branchMap":{"0":{"loc":{"start":{"line":8,"column":8},"end":{"line":10,"column":9}},"type":"if","locations":[{"start":{"line":8,"column":8},"end":{"line":10,"column":9}},{"start":{},"end":{}}]},"1":{"loc":{"start":{"line":53,"column":32},"end":{"line":53,"column":47}},"type":"binary-expr","locations":[{"start":{"line":53,"column":32},"end":{"line":53,"column":39}},{"start":{"line":53,"column":43},"end":{"line":53,"column":47}}]},"2":{"loc":{"start":{"line":59,"column":31},"end":{"line":59,"column":53}},"type":"binary-expr","locations":[{"start":{"line":59,"column":31},"end":{"line":59,"column":48}},{"start":{"line":59,"column":52},"end":{"line":59,"column":53}}]},"3":{"loc":{"start":{"line":86,"column":21},"end":{"line":86,"column":62}},"type":"binary-expr","locations":[{"start":{"line":86,"column":21},"end":{"line":86,"column":57}},{"start":{"line":86,"column":61},"end":{"line":86,"column":62}}]},"4":{"loc":{"start":{"line":94,"column":20},"end":{"line":96,"column":21}},"type":"if","locations":[{"start":{"line":94,"column":20},"end":{"line":96,"column":21}},{"start":{},"end":{}}]},"5":{"loc":{"start":{"line":106,"column":12},"end":{"line":109,"column":13}},"type":"if","locations":[{"start":{"line":106,"column":12},"end":{"line":109,"column":13}},{"start":{},"end":{}}]},"6":{"loc":{"start":{"line":114,"column":8},"end":{"line":120,"column":9}},"type":"if","locations":[{"start":{"line":114,"column":8},"end":{"line":120,"column":9}},{"start":{},"end":{}}]}},"s":{"0":0,"1":0,"2":0,"3":0,"4":0,"5":0,"6":0,"7":0,"8":0,"9":0,"10":0,"11":0,"12":0,"13":0,"14":0,"15":0,"16":0,"17":0,"18":0,"19":0,"20":0,"21":0,"22":0,"23":0,"24":0,"25":0,"26":0,"27":0,"28":0,"29":0,"30":0,"31":0,"32":0,"33":0,"34":0,"35":0,"36":0,"37":0,"38":0,"39":0,"40":0,"41":0,"42":0,"43":0,"44":0,"45":0,"46":0,"47":0,"48":0,"49":0},"f":{"0":0,"1":0,"2":0,"3":0,"4":0,"5":0,"6":0,"7":0,"8":0},"b":{"0":[0,0],"1":[0,0],"2":[0,0],"3":[0,0],"4":[0,0],"5":[0,0],"6":[0,0]}}
,"/Users/tomaszek/Documents/GitHub/progresspoint/progresspoint_back/src/me/me.routes.ts": {"path":"/Users/tomaszek/Documents/GitHub/progresspoint/progresspoint_back/src/me/me.routes.ts","statementMap":{"0":{"start":{"line":1,"column":0},"end":{"line":1,"column":30}},"1":{"start":{"line":2,"column":0},"end":{"line":2,"column":37}},"2":{"start":{"line":3,"column":0},"end":{"line":3,"column":63}},"3":{"start":{"line":5,"column":13},"end":{"line":5,"column":41}},"4":{"start":{"line":7,"column":0},"end":{"line":7,"column":null}}},"fnMap":{},"branchMap":{},"s":{"0":0,"1":0,"2":0,"3":0,"4":0},"f":{},"b":{}}
,"/Users/tomaszek/Documents/GitHub/progresspoint/progresspoint_back/src/me/utils.ts": {"path":"/Users/tomaszek/Documents/GitHub/progresspoint/progresspoint_back/src/me/utils.ts","statementMap":{"0":{"start":{"line":1,"column":0},"end":{"line":1,"column":26}},"1":{"start":{"line":2,"column":0},"end":{"line":2,"column":35}},"2":{"start":{"line":4,"column":0},"end":{"line":4,"column":18}},"3":{"start":{"line":9,"column":25},"end":{"line":9,"column":73}},"4":{"start":{"line":9,"column":38},"end":{"line":9,"column":73}},"5":{"start":{"line":9,"column":13},"end":{"line":9,"column":25}},"6":{"start":{"line":12,"column":36},"end":{"line":17,"column":1}},"7":{"start":{"line":13,"column":14},"end":{"line":15,"column":43}},"8":{"start":{"line":14,"column":15},"end":{"line":14,"column":28}},"9":{"start":{"line":15,"column":12},"end":{"line":15,"column":42}},"10":{"start":{"line":16,"column":1},"end":{"line":16,"column":79}},"11":{"start":{"line":16,"column":50},"end":{"line":16,"column":76}},"12":{"start":{"line":12,"column":13},"end":{"line":12,"column":36}},"13":{"start":{"line":23,"column":38},"end":{"line":47,"column":1}},"14":{"start":{"line":24,"column":2},"end":{"line":24,"column":42}},"15":{"start":{"line":24,"column":33},"end":{"line":24,"column":42}},"16":{"start":{"line":26,"column":16},"end":{"line":26,"column":50}},"17":{"start":{"line":27,"column":20},"end":{"line":27,"column":73}},"18":{"start":{"line":28,"column":26},"end":{"line":28,"column":41}},"19":{"start":{"line":31,"column":2},"end":{"line":33,"column":3}},"20":{"start":{"line":32,"column":4},"end":{"line":32,"column":13}},"21":{"start":{"line":36,"column":15},"end":{"line":36,"column":16}},"22":{"start":{"line":37,"column":2},"end":{"line":45,"column":3}},"23":{"start":{"line":37,"column":15},"end":{"line":37,"column":16}},"24":{"start":{"line":38,"column":17},"end":{"line":38,"column":43}},"25":{"start":{"line":39,"column":16},"end":{"line":39,"column":38}},"26":{"start":{"line":40,"column":4},"end":{"line":44,"column":5}},"27":{"start":{"line":41,"column":6},"end":{"line":41,"column":18}},"28":{"start":{"line":43,"column":6},"end":{"line":43,"column":12}},"29":{"start":{"line":46,"column":2},"end":{"line":46,"column":16}},"30":{"start":{"line":23,"column":13},"end":{"line":23,"column":38}},"31":{"start":{"line":48,"column":41},"end":{"line":51,"column":1}},"32":{"start":{"line":49,"column":14},"end":{"line":49,"column":44}},"33":{"start":{"line":50,"column":1},"end":{"line":50,"column":37}},"34":{"start":{"line":48,"column":13},"end":{"line":48,"column":41}}},"fnMap":{"0":{"name":"(anonymous_1)","decl":{"start":{"line":9,"column":25},"end":{"line":9,"column":26}},"loc":{"start":{"line":9,"column":38},"end":{"line":9,"column":73}}},"1":{"name":"(anonymous_2)","decl":{"start":{"line":12,"column":36},"end":{"line":12,"column":37}},"loc":{"start":{"line":12,"column":64},"end":{"line":17,"column":1}}},"2":{"name":"(anonymous_3)","decl":{"start":{"line":14,"column":10},"end":{"line":14,"column":11}},"loc":{"start":{"line":14,"column":15},"end":{"line":14,"column":28}}},"3":{"name":"(anonymous_4)","decl":{"start":{"line":15,"column":7},"end":{"line":15,"column":8}},"loc":{"start":{"line":15,"column":12},"end":{"line":15,"column":42}}},"4":{"name":"(anonymous_5)","decl":{"start":{"line":16,"column":39},"end":{"line":16,"column":40}},"loc":{"start":{"line":16,"column":50},"end":{"line":16,"column":76}}},"5":{"name":"(anonymous_6)","decl":{"start":{"line":23,"column":38},"end":{"line":23,"column":39}},"loc":{"start":{"line":23,"column":73},"end":{"line":47,"column":1}}},"6":{"name":"(anonymous_7)","decl":{"start":{"line":48,"column":41},"end":{"line":48,"column":42}},"loc":{"start":{"line":48,"column":69},"end":{"line":51,"column":1}}}},"branchMap":{"0":{"loc":{"start":{"line":16,"column":50},"end":{"line":16,"column":76}},"type":"cond-expr","locations":[{"start":{"line":16,"column":58},"end":{"line":16,"column":59}},{"start":{"line":16,"column":62},"end":{"line":16,"column":76}}]},"1":{"loc":{"start":{"line":16,"column":62},"end":{"line":16,"column":76}},"type":"cond-expr","locations":[{"start":{"line":16,"column":70},"end":{"line":16,"column":72}},{"start":{"line":16,"column":75},"end":{"line":16,"column":76}}]},"2":{"loc":{"start":{"line":24,"column":2},"end":{"line":24,"column":42}},"type":"if","locations":[{"start":{"line":24,"column":2},"end":{"line":24,"column":42}},{"start":{},"end":{}}]},"3":{"loc":{"start":{"line":31,"column":2},"end":{"line":33,"column":3}},"type":"if","locations":[{"start":{"line":31,"column":2},"end":{"line":33,"column":3}},{"start":{},"end":{}}]},"4":{"loc":{"start":{"line":31,"column":6},"end":{"line":31,"column":64}},"type":"binary-expr","locations":[{"start":{"line":31,"column":6},"end":{"line":31,"column":31}},{"start":{"line":31,"column":35},"end":{"line":31,"column":64}}]},"5":{"loc":{"start":{"line":40,"column":4},"end":{"line":44,"column":5}},"type":"if","locations":[{"start":{"line":40,"column":4},"end":{"line":44,"column":5}},{"start":{"line":42,"column":11},"end":{"line":44,"column":5}}]}},"s":{"0":0,"1":0,"2":0,"3":0,"4":0,"5":0,"6":0,"7":0,"8":0,"9":0,"10":0,"11":0,"12":0,"13":0,"14":0,"15":0,"16":0,"17":0,"18":0,"19":0,"20":0,"21":0,"22":0,"23":0,"24":0,"25":0,"26":0,"27":0,"28":0,"29":0,"30":0,"31":0,"32":0,"33":0,"34":0},"f":{"0":0,"1":0,"2":0,"3":0,"4":0,"5":0,"6":0},"b":{"0":[0,0],"1":[0,0],"2":[0,0],"3":[0,0],"4":[0,0],"5":[0,0]}}
,"/Users/tomaszek/Documents/GitHub/progresspoint/progresspoint_back/src/middleware/auth.middleware.ts": {"path":"/Users/tomaszek/Documents/GitHub/progresspoint/progresspoint_back/src/middleware/auth.middleware.ts","statementMap":{"0":{"start":{"line":2,"column":0},"end":{"line":2,"column":43}},"1":{"start":{"line":5,"column":30},"end":{"line":16,"column":1}},"2":{"start":{"line":6,"column":16},"end":{"line":6,"column":56}},"3":{"start":{"line":7,"column":2},"end":{"line":7,"column":74}},"4":{"start":{"line":7,"column":14},"end":{"line":7,"column":74}},"5":{"start":{"line":9,"column":2},"end":{"line":15,"column":3}},"6":{"start":{"line":10,"column":20},"end":{"line":10,"column":56}},"7":{"start":{"line":11,"column":4},"end":{"line":11,"column":null}},"8":{"start":{"line":12,"column":4},"end":{"line":12,"column":11}},"9":{"start":{"line":14,"column":4},"end":{"line":14,"column":60}},"10":{"start":{"line":5,"column":13},"end":{"line":5,"column":30}}},"fnMap":{"0":{"name":"(anonymous_0)","decl":{"start":{"line":5,"column":30},"end":{"line":5,"column":31}},"loc":{"start":{"line":5,"column":82},"end":{"line":16,"column":1}}}},"branchMap":{"0":{"loc":{"start":{"line":7,"column":2},"end":{"line":7,"column":74}},"type":"if","locations":[{"start":{"line":7,"column":2},"end":{"line":7,"column":74}},{"start":{},"end":{}}]}},"s":{"0":0,"1":0,"2":0,"3":0,"4":0,"5":0,"6":0,"7":0,"8":0,"9":0,"10":0},"f":{"0":0},"b":{"0":[0,0]}}
,"/Users/tomaszek/Documents/GitHub/progresspoint/progresspoint_back/src/types/express.d.ts": {"path":"/Users/tomaszek/Documents/GitHub/progresspoint/progresspoint_back/src/types/express.d.ts","statementMap":{},"fnMap":{},"branchMap":{},"s":{},"f":{},"b":{}}
,"/Users/tomaszek/Documents/GitHub/progresspoint/progresspoint_back/src/user/user.controller.ts": {"path":"/Users/tomaszek/Documents/GitHub/progresspoint/progresspoint_back/src/user/user.controller.ts","statementMap":{"0":{"start":{"line":2,"column":0},"end":{"line":2,"column":62}},"1":{"start":{"line":3,"column":0},"end":{"line":3,"column":62}},"2":{"start":{"line":4,"column":0},"end":{"line":4,"column":31}},"3":{"start":{"line":7,"column":30},"end":{"line":37,"column":1}},"4":{"start":{"line":8,"column":2},"end":{"line":36,"column":3}},"5":{"start":{"line":10,"column":19},"end":{"line":10,"column":27}},"6":{"start":{"line":12,"column":28},"end":{"line":12,"column":36}},"7":{"start":{"line":15,"column":4},"end":{"line":17,"column":5}},"8":{"start":{"line":16,"column":7},"end":{"line":16,"column":null}},"9":{"start":{"line":20,"column":21},"end":{"line":22,"column":6}},"10":{"start":{"line":24,"column":4},"end":{"line":26,"column":5}},"11":{"start":{"line":25,"column":6},"end":{"line":25,"column":70}},"12":{"start":{"line":29,"column":20},"end":{"line":32,"column":6}},"13":{"start":{"line":33,"column":4},"end":{"line":33,"column":56}},"14":{"start":{"line":35,"column":4},"end":{"line":35,"column":61}},"15":{"start":{"line":7,"column":13},"end":{"line":7,"column":30}},"16":{"start":{"line":40,"column":30},"end":{"line":80,"column":1}},"17":{"start":{"line":41,"column":2},"end":{"line":79,"column":3}},"18":{"start":{"line":43,"column":19},"end":{"line":43,"column":27}},"19":{"start":{"line":45,"column":41},"end":{"line":45,"column":49}},"20":{"start":{"line":47,"column":4},"end":{"line":49,"column":5}},"21":{"start":{"line":48,"column":6},"end":{"line":48,"column":96}},"22":{"start":{"line":51,"column":4},"end":{"line":53,"column":5}},"23":{"start":{"line":52,"column":6},"end":{"line":52,"column":60}},"24":{"start":{"line":55,"column":23},"end":{"line":57,"column":6}},"25":{"start":{"line":59,"column":8},"end":{"line":61,"column":5}},"26":{"start":{"line":60,"column":6},"end":{"line":60,"column":63}},"27":{"start":{"line":63,"column":18},"end":{"line":63,"column":78}},"28":{"start":{"line":65,"column":4},"end":{"line":67,"column":5}},"29":{"start":{"line":66,"column":6},"end":{"line":66,"column":73}},"30":{"start":{"line":69,"column":19},"end":{"line":69,"column":50}},"31":{"start":{"line":71,"column":4},"end":{"line":74,"column":7}},"32":{"start":{"line":75,"column":4},"end":{"line":75,"column":69}},"33":{"start":{"line":78,"column":4},"end":{"line":78,"column":60}},"34":{"start":{"line":40,"column":13},"end":{"line":40,"column":30}},"35":{"start":{"line":83,"column":36},"end":{"line":133,"column":1}},"36":{"start":{"line":84,"column":2},"end":{"line":132,"column":3}},"37":{"start":{"line":85,"column":19},"end":{"line":85,"column":27}},"38":{"start":{"line":86,"column":4},"end":{"line":86,"column":72}},"39":{"start":{"line":86,"column":17},"end":{"line":86,"column":72}},"40":{"start":{"line":88,"column":17},"end":{"line":88,"column":84}},"41":{"start":{"line":89,"column":4},"end":{"line":91,"column":5}},"42":{"start":{"line":90,"column":6},"end":{"line":90,"column":65}},"43":{"start":{"line":96,"column":4},"end":{"line":108,"column":5}},"44":{"start":{"line":98,"column":6},"end":{"line":98,"column":31}},"45":{"start":{"line":105,"column":6},"end":{"line":107,"column":9}},"46":{"start":{"line":111,"column":24},"end":{"line":114,"column":6}},"47":{"start":{"line":117,"column":4},"end":{"line":119,"column":5}},"48":{"start":{"line":118,"column":6},"end":{"line":118,"column":54}},"49":{"start":{"line":122,"column":20},"end":{"line":126,"column":6}},"50":{"start":{"line":128,"column":4},"end":{"line":128,"column":78}},"51":{"start":{"line":130,"column":4},"end":{"line":130,"column":59}},"52":{"start":{"line":131,"column":4},"end":{"line":131,"column":68}},"53":{"start":{"line":83,"column":13},"end":{"line":83,"column":36}},"54":{"start":{"line":136,"column":33},"end":{"line":155,"column":1}},"55":{"start":{"line":137,"column":2},"end":{"line":154,"column":3}},"56":{"start":{"line":138,"column":19},"end":{"line":138,"column":27}},"57":{"start":{"line":139,"column":4},"end":{"line":139,"column":72}},"58":{"start":{"line":139,"column":17},"end":{"line":139,"column":72}},"59":{"start":{"line":141,"column":17},"end":{"line":144,"column":6}},"60":{"start":{"line":146,"column":4},"end":{"line":148,"column":5}},"61":{"start":{"line":147,"column":6},"end":{"line":147,"column":74}},"62":{"start":{"line":150,"column":4},"end":{"line":150,"column":75}},"63":{"start":{"line":152,"column":4},"end":{"line":152,"column":58}},"64":{"start":{"line":153,"column":4},"end":{"line":153,"column":68}},"65":{"start":{"line":136,"column":13},"end":{"line":136,"column":33}},"66":{"start":{"line":157,"column":36},"end":{"line":185,"column":1}},"67":{"start":{"line":158,"column":2},"end":{"line":184,"column":3}},"68":{"start":{"line":159,"column":19},"end":{"line":159,"column":27}},"69":{"start":{"line":160,"column":4},"end":{"line":160,"column":72}},"70":{"start":{"line":160,"column":17},"end":{"line":160,"column":72}},"71":{"start":{"line":163,"column":17},"end":{"line":166,"column":6}},"72":{"start":{"line":169,"column":4},"end":{"line":171,"column":5}},"73":{"start":{"line":170,"column":6},"end":{"line":170,"column":47}},"74":{"start":{"line":174,"column":4},"end":{"line":178,"column":7}},"75":{"start":{"line":180,"column":4},"end":{"line":180,"column":85}},"76":{"start":{"line":182,"column":4},"end":{"line":182,"column":58}},"77":{"start":{"line":183,"column":4},"end":{"line":183,"column":68}},"78":{"start":{"line":157,"column":13},"end":{"line":157,"column":36}}},"fnMap":{"0":{"name":"(anonymous_1)","decl":{"start":{"line":7,"column":30},"end":{"line":7,"column":35}},"loc":{"start":{"line":7,"column":68},"end":{"line":37,"column":1}}},"1":{"name":"(anonymous_2)","decl":{"start":{"line":40,"column":30},"end":{"line":40,"column":35}},"loc":{"start":{"line":40,"column":68},"end":{"line":80,"column":1}}},"2":{"name":"(anonymous_3)","decl":{"start":{"line":83,"column":36},"end":{"line":83,"column":41}},"loc":{"start":{"line":83,"column":74},"end":{"line":133,"column":1}}},"3":{"name":"(anonymous_4)","decl":{"start":{"line":136,"column":33},"end":{"line":136,"column":38}},"loc":{"start":{"line":136,"column":71},"end":{"line":155,"column":1}}},"4":{"name":"(anonymous_5)","decl":{"start":{"line":157,"column":36},"end":{"line":157,"column":41}},"loc":{"start":{"line":157,"column":74},"end":{"line":185,"column":1}}}},"branchMap":{"0":{"loc":{"start":{"line":15,"column":4},"end":{"line":17,"column":5}},"type":"if","locations":[{"start":{"line":15,"column":4},"end":{"line":17,"column":5}},{"start":{},"end":{}}]},"1":{"loc":{"start":{"line":24,"column":4},"end":{"line":26,"column":5}},"type":"if","locations":[{"start":{"line":24,"column":4},"end":{"line":26,"column":5}},{"start":{},"end":{}}]},"2":{"loc":{"start":{"line":47,"column":4},"end":{"line":49,"column":5}},"type":"if","locations":[{"start":{"line":47,"column":4},"end":{"line":49,"column":5}},{"start":{},"end":{}}]},"3":{"loc":{"start":{"line":51,"column":4},"end":{"line":53,"column":5}},"type":"if","locations":[{"start":{"line":51,"column":4},"end":{"line":53,"column":5}},{"start":{},"end":{}}]},"4":{"loc":{"start":{"line":59,"column":8},"end":{"line":61,"column":5}},"type":"if","locations":[{"start":{"line":59,"column":8},"end":{"line":61,"column":5}},{"start":{},"end":{}}]},"5":{"loc":{"start":{"line":65,"column":4},"end":{"line":67,"column":5}},"type":"if","locations":[{"start":{"line":65,"column":4},"end":{"line":67,"column":5}},{"start":{},"end":{}}]},"6":{"loc":{"start":{"line":86,"column":4},"end":{"line":86,"column":72}},"type":"if","locations":[{"start":{"line":86,"column":4},"end":{"line":86,"column":72}},{"start":{},"end":{}}]},"7":{"loc":{"start":{"line":89,"column":4},"end":{"line":91,"column":5}},"type":"if","locations":[{"start":{"line":89,"column":4},"end":{"line":91,"column":5}},{"start":{},"end":{}}]},"8":{"loc":{"start":{"line":96,"column":4},"end":{"line":108,"column":5}},"type":"if","locations":[{"start":{"line":96,"column":4},"end":{"line":108,"column":5}},{"start":{"line":99,"column":11},"end":{"line":108,"column":5}}]},"9":{"loc":{"start":{"line":117,"column":4},"end":{"line":119,"column":5}},"type":"if","locations":[{"start":{"line":117,"column":4},"end":{"line":119,"column":5}},{"start":{},"end":{}}]},"10":{"loc":{"start":{"line":139,"column":4},"end":{"line":139,"column":72}},"type":"if","locations":[{"start":{"line":139,"column":4},"end":{"line":139,"column":72}},{"start":{},"end":{}}]},"11":{"loc":{"start":{"line":146,"column":4},"end":{"line":148,"column":5}},"type":"if","locations":[{"start":{"line":146,"column":4},"end":{"line":148,"column":5}},{"start":{},"end":{}}]},"12":{"loc":{"start":{"line":146,"column":8},"end":{"line":146,"column":38}},"type":"binary-expr","locations":[{"start":{"line":146,"column":8},"end":{"line":146,"column":13}},{"start":{"line":146,"column":17},"end":{"line":146,"column":38}}]},"13":{"loc":{"start":{"line":160,"column":4},"end":{"line":160,"column":72}},"type":"if","locations":[{"start":{"line":160,"column":4},"end":{"line":160,"column":72}},{"start":{},"end":{}}]},"14":{"loc":{"start":{"line":169,"column":4},"end":{"line":171,"column":5}},"type":"if","locations":[{"start":{"line":169,"column":4},"end":{"line":171,"column":5}},{"start":{},"end":{}}]}},"s":{"0":0,"1":0,"2":0,"3":0,"4":0,"5":0,"6":0,"7":0,"8":0,"9":0,"10":0,"11":0,"12":0,"13":0,"14":0,"15":0,"16":0,"17":0,"18":0,"19":0,"20":0,"21":0,"22":0,"23":0,"24":0,"25":0,"26":0,"27":0,"28":0,"29":0,"30":0,"31":0,"32":0,"33":0,"34":0,"35":0,"36":0,"37":0,"38":0,"39":0,"40":0,"41":0,"42":0,"43":0,"44":0,"45":0,"46":0,"47":0,"48":0,"49":0,"50":0,"51":0,"52":0,"53":0,"54":0,"55":0,"56":0,"57":0,"58":0,"59":0,"60":0,"61":0,"62":0,"63":0,"64":0,"65":0,"66":0,"67":0,"68":0,"69":0,"70":0,"71":0,"72":0,"73":0,"74":0,"75":0,"76":0,"77":0,"78":0},"f":{"0":0,"1":0,"2":0,"3":0,"4":0},"b":{"0":[0,0],"1":[0,0],"2":[0,0],"3":[0,0],"4":[0,0],"5":[0,0],"6":[0,0],"7":[0,0],"8":[0,0],"9":[0,0],"10":[0,0],"11":[0,0],"12":[0,0],"13":[0,0],"14":[0,0]}}
,"/Users/tomaszek/Documents/GitHub/progresspoint/progresspoint_back/src/user/user.routes.ts": {"path":"/Users/tomaszek/Documents/GitHub/progresspoint/progresspoint_back/src/user/user.routes.ts","statementMap":{"0":{"start":{"line":1,"column":0},"end":{"line":1,"column":30}},"1":{"start":{"line":2,"column":0},"end":{"line":2,"column":111}},"2":{"start":{"line":3,"column":0},"end":{"line":3,"column":54}},"3":{"start":{"line":4,"column":0},"end":{"line":4,"column":63}},"4":{"start":{"line":5,"column":0},"end":{"line":5,"column":48}},"5":{"start":{"line":7,"column":13},"end":{"line":7,"column":43}},"6":{"start":{"line":9,"column":0},"end":{"line":9,"column":60}},"7":{"start":{"line":10,"column":0},"end":{"line":10,"column":60}},"8":{"start":{"line":11,"column":0},"end":{"line":11,"column":92}},"9":{"start":{"line":12,"column":0},"end":{"line":12,"column":62}},"10":{"start":{"line":13,"column":0},"end":{"line":13,"column":68}}},"fnMap":{},"branchMap":{},"s":{"0":0,"1":0,"2":0,"3":0,"4":0,"5":0,"6":0,"7":0,"8":0,"9":0,"10":0},"f":{},"b":{}}
,"/Users/tomaszek/Documents/GitHub/progresspoint/progresspoint_back/src/utils/hash.ts": {"path":"/Users/tomaszek/Documents/GitHub/progresspoint/progresspoint_back/src/utils/hash.ts","statementMap":{"0":{"start":{"line":1,"column":0},"end":{"line":1,"column":28}},"1":{"start":{"line":3,"column":28},"end":{"line":5,"column":1}},"2":{"start":{"line":4,"column":2},"end":{"line":4,"column":41}},"3":{"start":{"line":3,"column":13},"end":{"line":3,"column":28}},"4":{"start":{"line":7,"column":31},"end":{"line":9,"column":1}},"5":{"start":{"line":8,"column":2},"end":{"line":8,"column":46}},"6":{"start":{"line":7,"column":13},"end":{"line":7,"column":31}}},"fnMap":{"0":{"name":"(anonymous_1)","decl":{"start":{"line":3,"column":28},"end":{"line":3,"column":33}},"loc":{"start":{"line":3,"column":55},"end":{"line":5,"column":1}}},"1":{"name":"(anonymous_2)","decl":{"start":{"line":7,"column":31},"end":{"line":7,"column":36}},"loc":{"start":{"line":7,"column":72},"end":{"line":9,"column":1}}}},"branchMap":{},"s":{"0":0,"1":0,"2":0,"3":0,"4":0,"5":0,"6":0},"f":{"0":0,"1":0},"b":{}}
,"/Users/tomaszek/Documents/GitHub/progresspoint/progresspoint_back/src/utils/jwt.ts": {"path":"/Users/tomaszek/Documents/GitHub/progresspoint/progresspoint_back/src/utils/jwt.ts","statementMap":{"0":{"start":{"line":1,"column":0},"end":{"line":1,"column":31}},"1":{"start":{"line":3,"column":19},"end":{"line":3,"column":58}},"2":{"start":{"line":5,"column":29},"end":{"line":7,"column":1}},"3":{"start":{"line":6,"column":2},"end":{"line":6,"column":59}},"4":{"start":{"line":5,"column":13},"end":{"line":5,"column":29}},"5":{"start":{"line":9,"column":27},"end":{"line":11,"column":1}},"6":{"start":{"line":10,"column":2},"end":{"line":10,"column":39}},"7":{"start":{"line":9,"column":13},"end":{"line":9,"column":27}}},"fnMap":{"0":{"name":"(anonymous_1)","decl":{"start":{"line":5,"column":29},"end":{"line":5,"column":30}},"loc":{"start":{"line":5,"column":44},"end":{"line":7,"column":1}}},"1":{"name":"(anonymous_2)","decl":{"start":{"line":9,"column":27},"end":{"line":9,"column":28}},"loc":{"start":{"line":9,"column":45},"end":{"line":11,"column":1}}}},"branchMap":{"0":{"loc":{"start":{"line":3,"column":19},"end":{"line":3,"column":58}},"type":"binary-expr","locations":[{"start":{"line":3,"column":19},"end":{"line":3,"column":41}},{"start":{"line":3,"column":45},"end":{"line":3,"column":58}}]}},"s":{"0":0,"1":0,"2":0,"3":0,"4":0,"5":0,"6":0,"7":0},"f":{"0":0,"1":0},"b":{"0":[0,0]}}
,"/Users/tomaszek/Documents/GitHub/progresspoint/progresspoint_back/src/utils/uploadService.ts": {"path":"/Users/tomaszek/Documents/GitHub/progresspoint/progresspoint_back/src/utils/uploadService.ts","statementMap":{"0":{"start":{"line":3,"column":0},"end":{"line":3,"column":67}},"1":{"start":{"line":4,"column":0},"end":{"line":4,"column":28}},"2":{"start":{"line":5,"column":0},"end":{"line":5,"column":33}},"3":{"start":{"line":10,"column":23},"end":{"line":11,"column":null}},"4":{"start":{"line":15,"column":32},"end":{"line":15,"column":36}},"5":{"start":{"line":17,"column":0},"end":{"line":38,"column":1}},"6":{"start":{"line":18,"column":2},"end":{"line":24,"column":5}},"7":{"start":{"line":26,"column":2},"end":{"line":34,"column":5}},"8":{"start":{"line":31,"column":22},"end":{"line":31,"column":54}},"9":{"start":{"line":32,"column":6},"end":{"line":32,"column":60}},"10":{"start":{"line":37,"column":2},"end":{"line":37,"column":35}},"11":{"start":{"line":40,"column":13},"end":{"line":40,"column":42}},"12":{"start":{"line":43,"column":28},"end":{"line":75,"column":1}},"13":{"start":{"line":44,"column":2},"end":{"line":47,"column":3}},"14":{"start":{"line":45,"column":4},"end":{"line":45,"column":62}},"15":{"start":{"line":46,"column":4},"end":{"line":46,"column":11}},"16":{"start":{"line":49,"column":2},"end":{"line":74,"column":3}},"17":{"start":{"line":53,"column":16},"end":{"line":53,"column":32}},"18":{"start":{"line":54,"column":22},"end":{"line":54,"column":60}},"19":{"start":{"line":54,"column":58},"end":{"line":54,"column":59}},"20":{"start":{"line":57,"column":16},"end":{"line":57,"column":35}},"21":{"start":{"line":59,"column":4},"end":{"line":62,"column":5}},"22":{"start":{"line":60,"column":6},"end":{"line":60,"column":66}},"23":{"start":{"line":61,"column":6},"end":{"line":61,"column":13}},"24":{"start":{"line":64,"column":26},"end":{"line":67,"column":6}},"25":{"start":{"line":69,"column":4},"end":{"line":69,"column":39}},"26":{"start":{"line":70,"column":4},"end":{"line":70,"column":61}},"27":{"start":{"line":72,"column":4},"end":{"line":72,"column":55}},"28":{"start":{"line":43,"column":13},"end":{"line":43,"column":28}}},"fnMap":{"0":{"name":"(anonymous_1)","decl":{"start":{"line":30,"column":9},"end":{"line":30,"column":10}},"loc":{"start":{"line":30,"column":27},"end":{"line":33,"column":5}}},"1":{"name":"(anonymous_2)","decl":{"start":{"line":43,"column":28},"end":{"line":43,"column":33}},"loc":{"start":{"line":43,"column":69},"end":{"line":75,"column":1}}},"2":{"name":"(anonymous_3)","decl":{"start":{"line":54,"column":53},"end":{"line":54,"column":54}},"loc":{"start":{"line":54,"column":58},"end":{"line":54,"column":59}}}},"branchMap":{"0":{"loc":{"start":{"line":11,"column":2},"end":{"line":11,"column":97}},"type":"binary-expr","locations":[{"start":{"line":11,"column":2},"end":{"line":11,"column":27}},{"start":{"line":11,"column":31},"end":{"line":11,"column":60}},{"start":{"line":11,"column":64},"end":{"line":11,"column":97}}]},"1":{"loc":{"start":{"line":17,"column":0},"end":{"line":38,"column":1}},"type":"if","locations":[{"start":{"line":17,"column":0},"end":{"line":38,"column":1}},{"start":{"line":35,"column":7},"end":{"line":38,"column":1}}]},"2":{"loc":{"start":{"line":31,"column":22},"end":{"line":31,"column":54}},"type":"binary-expr","locations":[{"start":{"line":31,"column":22},"end":{"line":31,"column":41}},{"start":{"line":31,"column":45},"end":{"line":31,"column":54}}]},"3":{"loc":{"start":{"line":44,"column":2},"end":{"line":47,"column":3}},"type":"if","locations":[{"start":{"line":44,"column":2},"end":{"line":47,"column":3}},{"start":{},"end":{}}]},"4":{"loc":{"start":{"line":44,"column":6},"end":{"line":44,"column":45}},"type":"binary-expr","locations":[{"start":{"line":44,"column":6},"end":{"line":44,"column":15}},{"start":{"line":44,"column":19},"end":{"line":44,"column":45}}]},"5":{"loc":{"start":{"line":59,"column":4},"end":{"line":62,"column":5}},"type":"if","locations":[{"start":{"line":59,"column":4},"end":{"line":62,"column":5}},{"start":{},"end":{}}]}},"s":{"0":0,"1":0,"2":0,"3":0,"4":0,"5":0,"6":0,"7":0,"8":0,"9":0,"10":0,"11":0,"12":0,"13":0,"14":0,"15":0,"16":0,"17":0,"18":0,"19":0,"20":0,"21":0,"22":0,"23":0,"24":0,"25":0,"26":0,"27":0,"28":0},"f":{"0":0,"1":0,"2":0},"b":{"0":[0,0,0],"1":[0,0],"2":[0,0],"3":[0,0],"4":[0,0],"5":[0,0]}}
,"/Users/tomaszek/Documents/GitHub/progresspoint/progresspoint_back/src/workout/workout.controller.ts": {"path":"/Users/tomaszek/Documents/GitHub/progresspoint/progresspoint_back/src/workout/workout.controller.ts","statementMap":{"0":{"start":{"line":2,"column":0},"end":{"line":2,"column":30}},"1":{"start":{"line":26,"column":29},"end":{"line":88,"column":1}},"2":{"start":{"line":27,"column":4},"end":{"line":87,"column":5}},"3":{"start":{"line":29,"column":8},"end":{"line":31,"column":9}},"4":{"start":{"line":30,"column":12},"end":{"line":30,"column":null}},"5":{"start":{"line":33,"column":23},"end":{"line":33,"column":31}},"6":{"start":{"line":35,"column":71},"end":{"line":35,"column":79}},"7":{"start":{"line":37,"column":8},"end":{"line":39,"column":9}},"8":{"start":{"line":38,"column":12},"end":{"line":38,"column":79}},"9":{"start":{"line":41,"column":8},"end":{"line":43,"column":9}},"10":{"start":{"line":42,"column":12},"end":{"line":42,"column":null}},"11":{"start":{"line":45,"column":28},"end":{"line":45,"column":60}},"12":{"start":{"line":45,"column":47},"end":{"line":45,"column":59}},"13":{"start":{"line":46,"column":34},"end":{"line":49,"column":10}},"14":{"start":{"line":50,"column":8},"end":{"line":52,"column":9}},"15":{"start":{"line":51,"column":12},"end":{"line":51,"column":null}},"16":{"start":{"line":54,"column":24},"end":{"line":82,"column":10}},"17":{"start":{"line":61,"column":55},"end":{"line":71,"column":22}},"18":{"start":{"line":65,"column":62},"end":{"line":69,"column":30}},"19":{"start":{"line":83,"column":8},"end":{"line":83,"column":45}},"20":{"start":{"line":85,"column":8},"end":{"line":85,"column":55}},"21":{"start":{"line":86,"column":8},"end":{"line":86,"column":null}},"22":{"start":{"line":26,"column":13},"end":{"line":26,"column":29}},"23":{"start":{"line":91,"column":26},"end":{"line":159,"column":1}},"24":{"start":{"line":92,"column":2},"end":{"line":158,"column":3}},"25":{"start":{"line":94,"column":4},"end":{"line":96,"column":5}},"26":{"start":{"line":95,"column":6},"end":{"line":95,"column":63}},"27":{"start":{"line":98,"column":19},"end":{"line":98,"column":27}},"28":{"start":{"line":101,"column":21},"end":{"line":101,"column":55}},"29":{"start":{"line":102,"column":22},"end":{"line":102,"column":57}},"30":{"start":{"line":103,"column":15},"end":{"line":103,"column":49}},"31":{"start":{"line":104,"column":16},"end":{"line":104,"column":53}},"32":{"start":{"line":107,"column":4},"end":{"line":109,"column":5}},"33":{"start":{"line":108,"column":6},"end":{"line":108,"column":74}},"34":{"start":{"line":111,"column":4},"end":{"line":113,"column":5}},"35":{"start":{"line":112,"column":6},"end":{"line":112,"column":82}},"36":{"start":{"line":115,"column":17},"end":{"line":115,"column":35}},"37":{"start":{"line":118,"column":26},"end":{"line":120,"column":6}},"38":{"start":{"line":123,"column":21},"end":{"line":140,"column":6}},"39":{"start":{"line":142,"column":23},"end":{"line":142,"column":55}},"40":{"start":{"line":144,"column":4},"end":{"line":154,"column":7}},"41":{"start":{"line":156,"column":4},"end":{"line":156,"column":51}},"42":{"start":{"line":157,"column":4},"end":{"line":157,"column":70}},"43":{"start":{"line":91,"column":13},"end":{"line":91,"column":26}}},"fnMap":{"0":{"name":"(anonymous_1)","decl":{"start":{"line":26,"column":29},"end":{"line":26,"column":34}},"loc":{"start":{"line":26,"column":67},"end":{"line":88,"column":1}}},"1":{"name":"(anonymous_2)","decl":{"start":{"line":45,"column":42},"end":{"line":45,"column":43}},"loc":{"start":{"line":45,"column":47},"end":{"line":45,"column":59}}},"2":{"name":"(anonymous_3)","decl":{"start":{"line":61,"column":42},"end":{"line":61,"column":50}},"loc":{"start":{"line":61,"column":55},"end":{"line":71,"column":22}}},"3":{"name":"(anonymous_4)","decl":{"start":{"line":65,"column":54},"end":{"line":65,"column":57}},"loc":{"start":{"line":65,"column":62},"end":{"line":69,"column":30}}},"4":{"name":"(anonymous_5)","decl":{"start":{"line":91,"column":26},"end":{"line":91,"column":31}},"loc":{"start":{"line":91,"column":64},"end":{"line":159,"column":1}}}},"branchMap":{"0":{"loc":{"start":{"line":29,"column":8},"end":{"line":31,"column":9}},"type":"if","locations":[{"start":{"line":29,"column":8},"end":{"line":31,"column":9}},{"start":{},"end":{}}]},"1":{"loc":{"start":{"line":37,"column":8},"end":{"line":39,"column":9}},"type":"if","locations":[{"start":{"line":37,"column":8},"end":{"line":39,"column":9}},{"start":{},"end":{}}]},"2":{"loc":{"start":{"line":37,"column":12},"end":{"line":37,"column":68}},"type":"binary-expr","locations":[{"start":{"line":37,"column":12},"end":{"line":37,"column":28}},{"start":{"line":37,"column":32},"end":{"line":37,"column":42}},{"start":{"line":37,"column":46},"end":{"line":37,"column":68}}]},"3":{"loc":{"start":{"line":41,"column":8},"end":{"line":43,"column":9}},"type":"if","locations":[{"start":{"line":41,"column":8},"end":{"line":43,"column":9}},{"start":{},"end":{}}]},"4":{"loc":{"start":{"line":50,"column":8},"end":{"line":52,"column":9}},"type":"if","locations":[{"start":{"line":50,"column":8},"end":{"line":52,"column":9}},{"start":{},"end":{}}]},"5":{"loc":{"start":{"line":94,"column":4},"end":{"line":96,"column":5}},"type":"if","locations":[{"start":{"line":94,"column":4},"end":{"line":96,"column":5}},{"start":{},"end":{}}]},"6":{"loc":{"start":{"line":103,"column":15},"end":{"line":103,"column":49}},"type":"cond-expr","locations":[{"start":{"line":103,"column":35},"end":{"line":103,"column":36}},{"start":{"line":103,"column":39},"end":{"line":103,"column":49}}]},"7":{"loc":{"start":{"line":104,"column":16},"end":{"line":104,"column":53}},"type":"cond-expr","locations":[{"start":{"line":104,"column":37},"end":{"line":104,"column":39}},{"start":{"line":104,"column":42},"end":{"line":104,"column":53}}]},"8":{"loc":{"start":{"line":107,"column":4},"end":{"line":109,"column":5}},"type":"if","locations":[{"start":{"line":107,"column":4},"end":{"line":109,"column":5}},{"start":{},"end":{}}]},"9":{"loc":{"start":{"line":107,"column":8},"end":{"line":107,"column":31}},"type":"binary-expr","locations":[{"start":{"line":107,"column":8},"end":{"line":107,"column":19}},{"start":{"line":107,"column":23},"end":{"line":107,"column":31}}]},"10":{"loc":{"start":{"line":111,"column":4},"end":{"line":113,"column":5}},"type":"if","locations":[{"start":{"line":111,"column":4},"end":{"line":113,"column":5}},{"start":{},"end":{}}]},"11":{"loc":{"start":{"line":111,"column":8},"end":{"line":111,"column":48}},"type":"binary-expr","locations":[{"start":{"line":111,"column":8},"end":{"line":111,"column":20}},{"start":{"line":111,"column":24},"end":{"line":111,"column":33}},{"start":{"line":111,"column":37},"end":{"line":111,"column":48}}]}},"s":{"0":0,"1":0,"2":0,"3":0,"4":0,"5":0,"6":0,"7":0,"8":0,"9":0,"10":0,"11":0,"12":0,"13":0,"14":0,"15":0,"16":0,"17":0,"18":0,"19":0,"20":0,"21":0,"22":0,"23":0,"24":0,"25":0,"26":0,"27":0,"28":0,"29":0,"30":0,"31":0,"32":0,"33":0,"34":0,"35":0,"36":0,"37":0,"38":0,"39":0,"40":0,"41":0,"42":0,"43":0},"f":{"0":0,"1":0,"2":0,"3":0,"4":0},"b":{"0":[0,0],"1":[0,0],"2":[0,0,0],"3":[0,0],"4":[0,0],"5":[0,0],"6":[0,0],"7":[0,0],"8":[0,0],"9":[0,0],"10":[0,0],"11":[0,0,0]}}
,"/Users/tomaszek/Documents/GitHub/progresspoint/progresspoint_back/src/workout/workout.routes.ts": {"path":"/Users/tomaszek/Documents/GitHub/progresspoint/progresspoint_back/src/workout/workout.routes.ts","statementMap":{"0":{"start":{"line":1,"column":0},"end":{"line":1,"column":29}},"1":{"start":{"line":2,"column":0},"end":{"line":2,"column":62}},"2":{"start":{"line":3,"column":0},"end":{"line":3,"column":64}},"3":{"start":{"line":5,"column":13},"end":{"line":5,"column":null}},"4":{"start":{"line":7,"column":0},"end":{"line":7,"column":null}},"5":{"start":{"line":8,"column":0},"end":{"line":8,"column":null}}},"fnMap":{},"branchMap":{},"s":{"0":0,"1":0,"2":0,"3":0,"4":0,"5":0},"f":{},"b":{}}
}
